Using pre-set license
Built from '2022.3/staging' branch; Version is '2022.3.10f1 (ff3792e53c62) revision 16725906'; Using compiler version '192829333'; Build Type 'Release'
OS: 'Windows 10  (10.0.19045) 64bit Core' Language: 'ru' Physical Memory: 16320 MB
BatchMode: 1, IsHumanControllingUs: 0, StartBugReporterOnCrash: 0, Is64bit: 1, IsPro: 1

COMMAND LINE ARGUMENTS:
D:\unit\2022.3.10f1\Editor\Unity.exe
-adb2
-batchMode
-noUpm
-name
AssetImportWorker0
-projectPath
D:/git/Game/My project
-logFile
Logs/AssetImportWorker0.log
-srvPort
58868
Successfully changed project path to: D:/git/Game/My project
D:/git/Game/My project
[UnityMemory] Configuration Parameters - Can be set up in boot.config
    "memorysetup-bucket-allocator-granularity=16"
    "memorysetup-bucket-allocator-bucket-count=8"
    "memorysetup-bucket-allocator-block-size=33554432"
    "memorysetup-bucket-allocator-block-count=8"
    "memorysetup-main-allocator-block-size=16777216"
    "memorysetup-thread-allocator-block-size=16777216"
    "memorysetup-gfx-main-allocator-block-size=16777216"
    "memorysetup-gfx-thread-allocator-block-size=16777216"
    "memorysetup-cache-allocator-block-size=4194304"
    "memorysetup-typetree-allocator-block-size=2097152"
    "memorysetup-profiler-bucket-allocator-granularity=16"
    "memorysetup-profiler-bucket-allocator-bucket-count=8"
    "memorysetup-profiler-bucket-allocator-block-size=33554432"
    "memorysetup-profiler-bucket-allocator-block-count=8"
    "memorysetup-profiler-allocator-block-size=16777216"
    "memorysetup-profiler-editor-allocator-block-size=1048576"
    "memorysetup-temp-allocator-size-main=16777216"
    "memorysetup-job-temp-allocator-block-size=2097152"
    "memorysetup-job-temp-allocator-block-size-background=1048576"
    "memorysetup-job-temp-allocator-reduction-small-platforms=262144"
    "memorysetup-allocator-temp-initial-block-size-main=262144"
    "memorysetup-allocator-temp-initial-block-size-worker=262144"
    "memorysetup-temp-allocator-size-background-worker=32768"
    "memorysetup-temp-allocator-size-job-worker=262144"
    "memorysetup-temp-allocator-size-preload-manager=33554432"
    "memorysetup-temp-allocator-size-nav-mesh-worker=65536"
    "memorysetup-temp-allocator-size-audio-worker=65536"
    "memorysetup-temp-allocator-size-cloud-worker=32768"
    "memorysetup-temp-allocator-size-gi-baking-worker=262144"
    "memorysetup-temp-allocator-size-gfx=262144"
Player connection [15168] Host "[IP] 192.168.0.102 [Port] 0 [Flags] 2 [Guid] 1044016724 [EditorId] 1044016724 [Version] 1048832 [Id] WindowsEditor(7,DESKTOP-80NT6K8) [Debug] 1 [PackageName] WindowsEditor [ProjectName] Editor" joined multi-casting on [225.0.0.222:54997]...

Player connection [15168] Host "[IP] 192.168.0.102 [Port] 0 [Flags] 2 [Guid] 1044016724 [EditorId] 1044016724 [Version] 1048832 [Id] WindowsEditor(7,DESKTOP-80NT6K8) [Debug] 1 [PackageName] WindowsEditor [ProjectName] Editor" joined alternative multi-casting on [225.0.0.222:34997]...

[Physics::Module] Initialized MultithreadedJobDispatcher with 11 workers.
Refreshing native plugins compatible for Editor in 3309.68 ms, found 3 plugins.
Preloading 0 native plugins for Editor in 0.00 ms.
Initialize engine version: 2022.3.10f1 (ff3792e53c62)
[Subsystems] Discovering subsystems at path D:/unit/2022.3.10f1/Editor/Data/Resources/UnitySubsystems
[Subsystems] Discovering subsystems at path D:/git/Game/My project/Assets
GfxDevice: creating device client; threaded=0; jobified=0
Direct3D:
    Version:  Direct3D 11.0 [level 11.1]
    Renderer: NVIDIA GeForce GTX 1050 Ti (ID=0x1c82)
    Vendor:   NVIDIA
    VRAM:     4017 MB
    Driver:   31.0.15.3179
Initialize mono
Mono path[0] = 'D:/unit/2022.3.10f1/Editor/Data/Managed'
Mono path[1] = 'D:/unit/2022.3.10f1/Editor/Data/MonoBleedingEdge/lib/mono/unityjit-win32'
Mono config path = 'D:/unit/2022.3.10f1/Editor/Data/MonoBleedingEdge/etc'
Using monoOptions --debugger-agent=transport=dt_socket,embedding=1,server=y,suspend=n,address=127.0.0.1:56500
Begin MonoManager ReloadAssembly
Registering precompiled unity dll's ...
Register platform support module: D:/unit/2022.3.10f1/Editor/Data/PlaybackEngines/WindowsStandaloneSupport/UnityEditor.WindowsStandalone.Extensions.dll
Registered in 0.263969 seconds.
- Loaded All Assemblies, in 12.906 seconds
Native extension for WindowsStandalone target not found
Mono: successfully reloaded assembly
- Finished resetting the current domain, in  0.506 seconds
Domain Reload Profiling: 13412ms
	BeginReloadAssembly (10120ms)
		ExecutionOrderSort (0ms)
		DisableScriptedObjects (0ms)
		BackupInstance (0ms)
		ReleaseScriptingObjects (0ms)
		CreateAndSetChildDomain (1ms)
	RebuildCommonClasses (759ms)
	RebuildNativeTypeToScriptingClass (30ms)
	initialDomainReloadingComplete (363ms)
	LoadAllAssembliesAndSetupDomain (1633ms)
		LoadAssemblies (10118ms)
		RebuildTransferFunctionScriptingTraits (0ms)
		AnalyzeDomain (1629ms)
			TypeCache.Refresh (1626ms)
				TypeCache.ScanAssembly (1154ms)
			ScanForSourceGeneratedMonoScriptInfo (1ms)
			ResolveRequiredComponents (1ms)
	FinalizeReload (507ms)
		ReleaseScriptCaches (0ms)
		RebuildScriptCaches (0ms)
		SetupLoadedEditorAssemblies (390ms)
			LogAssemblyErrors (0ms)
			InitializePlatformSupportModulesInManaged (12ms)
			SetLoadedEditorAssemblies (14ms)
			RefreshPlugins (0ms)
			BeforeProcessingInitializeOnLoad (4ms)
			ProcessInitializeOnLoadAttributes (256ms)
			ProcessInitializeOnLoadMethodAttributes (102ms)
			AfterProcessingInitializeOnLoad (0ms)
			EditorAssembliesLoaded (0ms)
		ExecutionOrderSort2 (0ms)
		AwakeInstancesAfterBackupRestoration (0ms)
========================================================================
Worker process is ready to serve import requests
Begin MonoManager ReloadAssembly
- Loaded All Assemblies, in 10.300 seconds
Refreshing native plugins compatible for Editor in 4.23 ms, found 3 plugins.
Native extension for WindowsStandalone target not found
Package Manager log level set to [2]
[Package Manager] Server::EnsureServerProcessIsRunning -- launch failed, reason: Unity was launched with the -noUpm command-line argument
[Package Manager] UpmClient::Send -- Unable to send message (not connected to UPM process).
[Package Manager] Cannot connect to Unity Package Manager local server
Mono: successfully reloaded assembly
- Finished resetting the current domain, in  1.233 seconds
Domain Reload Profiling: 11533ms
	BeginReloadAssembly (293ms)
		ExecutionOrderSort (0ms)
		DisableScriptedObjects (11ms)
		BackupInstance (0ms)
		ReleaseScriptingObjects (0ms)
		CreateAndSetChildDomain (44ms)
	RebuildCommonClasses (76ms)
	RebuildNativeTypeToScriptingClass (24ms)
	initialDomainReloadingComplete (82ms)
	LoadAllAssembliesAndSetupDomain (9823ms)
		LoadAssemblies (8949ms)
		RebuildTransferFunctionScriptingTraits (0ms)
		AnalyzeDomain (1044ms)
			TypeCache.Refresh (1000ms)
				TypeCache.ScanAssembly (849ms)
			ScanForSourceGeneratedMonoScriptInfo (32ms)
			ResolveRequiredComponents (10ms)
	FinalizeReload (1234ms)
		ReleaseScriptCaches (0ms)
		RebuildScriptCaches (0ms)
		SetupLoadedEditorAssemblies (890ms)
			LogAssemblyErrors (0ms)
			InitializePlatformSupportModulesInManaged (11ms)
			SetLoadedEditorAssemblies (7ms)
			RefreshPlugins (0ms)
			BeforeProcessingInitializeOnLoad (118ms)
			ProcessInitializeOnLoadAttributes (704ms)
			ProcessInitializeOnLoadMethodAttributes (44ms)
			AfterProcessingInitializeOnLoad (6ms)
			EditorAssembliesLoaded (0ms)
		ExecutionOrderSort2 (0ms)
		AwakeInstancesAfterBackupRestoration (16ms)
Launched and connected shader compiler UnityShaderCompiler.exe after 0.16 seconds
Refreshing native plugins compatible for Editor in 4.69 ms, found 3 plugins.
Preloading 0 native plugins for Editor in 0.00 ms.
Unloading 3069 Unused Serialized files (Serialized files now loaded: 0)
Unloading 31 unused Assets / (56.3 KB). Loaded Objects now: 3531.
Memory consumption went from 114.2 MB to 114.1 MB.
Total: 8.049300 ms (FindLiveObjects: 0.732400 ms CreateObjectMapping: 0.196300 ms MarkObjects: 6.918600 ms  DeleteObjects: 0.199800 ms)

AssetImportParameters requested are different than current active one (requested -> active):
  custom:container-demuxer-ogg: 62fdf1f143b41e24485cea50d1cbac27 -> 
  custom:video-decoder-ogg-theora: a1e56fd34408186e4bbccfd4996cb3dc -> 
  custom:framework-win-MediaFoundation: 216162199b28c13a410421893ffa2e32 -> 
  custom:CustomObjectIndexerAttribute: 756ad292c208cfabdd7b50bc23989ffe -> 
  custom:container-demuxer-webm: 4f35f7cbe854078d1ac9338744f61a02 -> 
  custom:container-muxer-webm: aa71ff27fc2769a1b78a27578f13a17b -> 
  custom:video-decoder-webm-vp8: 9c59270c3fd7afecdb556c50c9e8de78 -> 
  custom:SearchIndexIgnoredProperties: e643bd26f0fe6173181afceb89e7c659 -> 
  custom:AudioImporter_EditorPlatform: d09bf68614088b80899f8185d706f6e7 -> 
  custom:video-encoder-webm-vp8: eb34c28f22e8b96e1ab97ce403110664 -> 
  custom:audio-decoder-ogg-vorbis: bf7c407c2cedff20999df2af8eb42d56 -> 
  custom:audio-encoder-webm-vorbis: bf7c407c2cedff20999df2af8eb42d56 -> 
========================================================================
Received Import Request.
  Time since last request: 1001159.563453 seconds.
  path: Assets/AdultCopperDragonIdleSide.gif
  artifactKey: Guid(421b522a1c2c34942969d2bece5b8000) Importer(815301076,1909f56bfc062723c751e8b465ee728b)
Start importing Assets/AdultCopperDragonIdleSide.gif using Guid(421b522a1c2c34942969d2bece5b8000) Importer(815301076,1909f56bfc062723c751e8b465ee728b)  -> (artifact id: '026314addc74b972b5f18fe084760ccc') in 0.165485 seconds
Number of updated asset objects reloaded before import = 0
Number of asset objects unloaded after import = 2
========================================================================
Received Import Request.
  Time since last request: 235.038627 seconds.
  path: Assets/AdultCopperDragonIdleSide.aseprite
  artifactKey: Guid(230047d8f6b557648bab29981ec636f3) Importer(815301076,1909f56bfc062723c751e8b465ee728b)
Start importing Assets/AdultCopperDragonIdleSide.aseprite using Guid(230047d8f6b557648bab29981ec636f3) Importer(815301076,1909f56bfc062723c751e8b465ee728b)  -> (artifact id: 'c725a25a9108da8637acd05470dbc25c') in 0.002068 seconds
Number of updated asset objects reloaded before import = 0
Number of asset objects unloaded after import = 1
========================================================================
Received Import Request.
  Time since last request: 38.672274 seconds.
  path: Assets/FourEvilDragonsHP/Prefab/DragonNightmare/Albino.prefab
  artifactKey: Guid(8252519d2c6fd014bb5f75765a8c4fda) Importer(815301076,1909f56bfc062723c751e8b465ee728b)
Start importing Assets/FourEvilDragonsHP/Prefab/DragonNightmare/Albino.prefab using Guid(8252519d2c6fd014bb5f75765a8c4fda) Importer(815301076,1909f56bfc062723c751e8b465ee728b)  -> (artifact id: '16490cc6c4110c05da12596961629660') in 0.894057 seconds
Number of updated asset objects reloaded before import = 0
Number of asset objects unloaded after import = 206
========================================================================
Received Import Request.
  Time since last request: 0.000061 seconds.
  path: Assets/FourEvilDragonsHP/Prefab/DragonNightmare/Green.prefab
  artifactKey: Guid(281a986484325de459dc1b3709335bc5) Importer(815301076,1909f56bfc062723c751e8b465ee728b)
Start importing Assets/FourEvilDragonsHP/Prefab/DragonNightmare/Green.prefab using Guid(281a986484325de459dc1b3709335bc5) Importer(815301076,1909f56bfc062723c751e8b465ee728b)  -> (artifact id: '46bb1acf14199869f60ba677d07d57fc') in 0.065212 seconds
Number of updated asset objects reloaded before import = 0
Number of asset objects unloaded after import = 206
========================================================================
Received Import Request.
  Time since last request: 0.817882 seconds.
  path: Assets/FourEvilDragonsHP/Prefab/DragonSoulEater/Blue.prefab
  artifactKey: Guid(c644a2181ac22e740968a7ece97e8f36) Importer(815301076,1909f56bfc062723c751e8b465ee728b)
Start importing Assets/FourEvilDragonsHP/Prefab/DragonSoulEater/Blue.prefab using Guid(c644a2181ac22e740968a7ece97e8f36) Importer(815301076,1909f56bfc062723c751e8b465ee728b)  -> (artifact id: '7433ea38ea3ad892864eaf7582fc06de') in 0.070265 seconds
Number of updated asset objects reloaded before import = 0
Number of asset objects unloaded after import = 187
========================================================================
Received Import Request.
  Time since last request: 0.000061 seconds.
  path: Assets/FourEvilDragonsHP/Prefab/DragonSoulEater/Red.prefab
  artifactKey: Guid(70f277dcf2cdfdd4db7ee0ca76e07767) Importer(815301076,1909f56bfc062723c751e8b465ee728b)
Start importing Assets/FourEvilDragonsHP/Prefab/DragonSoulEater/Red.prefab using Guid(70f277dcf2cdfdd4db7ee0ca76e07767) Importer(815301076,1909f56bfc062723c751e8b465ee728b)  -> (artifact id: '56226484341d3c1823a263f3f61a964b') in 0.068813 seconds
Number of updated asset objects reloaded before import = 0
Number of asset objects unloaded after import = 187
========================================================================
Received Import Request.
  Time since last request: 0.732511 seconds.
  path: Assets/FourEvilDragonsHP/Prefab/DragonTerrorBringer/Blue.prefab
  artifactKey: Guid(20a769104331d8b48ac7d1ea0d49cdf3) Importer(815301076,1909f56bfc062723c751e8b465ee728b)
Start importing Assets/FourEvilDragonsHP/Prefab/DragonTerrorBringer/Blue.prefab using Guid(20a769104331d8b48ac7d1ea0d49cdf3) Importer(815301076,1909f56bfc062723c751e8b465ee728b)  -> (artifact id: '54809850eb38bd8c746ad669bfb7a157') in 0.068504 seconds
Number of updated asset objects reloaded before import = 0
Number of asset objects unloaded after import = 234
========================================================================
Received Import Request.
  Time since last request: 0.000063 seconds.
  path: Assets/FourEvilDragonsHP/Prefab/DragonTerrorBringer/Purple.prefab
  artifactKey: Guid(8e302007cba46d94b970c6a0955b9628) Importer(815301076,1909f56bfc062723c751e8b465ee728b)
Start importing Assets/FourEvilDragonsHP/Prefab/DragonTerrorBringer/Purple.prefab using Guid(8e302007cba46d94b970c6a0955b9628) Importer(815301076,1909f56bfc062723c751e8b465ee728b)  -> (artifact id: '896467d11b1abb3e24f7502ccc9bec59') in 0.078499 seconds
Number of updated asset objects reloaded before import = 0
Number of asset objects unloaded after import = 234
========================================================================
Received Import Request.
  Time since last request: 0.969086 seconds.
  path: Assets/FourEvilDragonsHP/Prefab/DragonUsurper/Blue.prefab
  artifactKey: Guid(445a5c29e7f715947b713a753f242af0) Importer(815301076,1909f56bfc062723c751e8b465ee728b)
Start importing Assets/FourEvilDragonsHP/Prefab/DragonUsurper/Blue.prefab using Guid(445a5c29e7f715947b713a753f242af0) Importer(815301076,1909f56bfc062723c751e8b465ee728b)  -> (artifact id: '696dd962d3c2669b1ad479252a6f50a8') in 0.082394 seconds
Number of updated asset objects reloaded before import = 0
Number of asset objects unloaded after import = 306
========================================================================
Received Import Request.
  Time since last request: 0.000069 seconds.
  path: Assets/FourEvilDragonsHP/Prefab/DragonUsurper/Purple.prefab
  artifactKey: Guid(09ade59177310454ba3c93ae4b7dc125) Importer(815301076,1909f56bfc062723c751e8b465ee728b)
Start importing Assets/FourEvilDragonsHP/Prefab/DragonUsurper/Purple.prefab using Guid(09ade59177310454ba3c93ae4b7dc125) Importer(815301076,1909f56bfc062723c751e8b465ee728b)  -> (artifact id: '5b44c48b408f2ba075975ca48a3b68f2') in 0.085384 seconds
Number of updated asset objects reloaded before import = 0
Number of asset objects unloaded after import = 306
========================================================================
Received Import Request.
  Time since last request: 15.329239 seconds.
  path: Assets/FourEvilDragonsHP/Prefab/DragonUsurper/Green 1.prefab
  artifactKey: Guid(3bfbe0d053d896a41b145e9f586c359a) Importer(815301076,1909f56bfc062723c751e8b465ee728b)
Start importing Assets/FourEvilDragonsHP/Prefab/DragonUsurper/Green 1.prefab using Guid(3bfbe0d053d896a41b145e9f586c359a) Importer(815301076,1909f56bfc062723c751e8b465ee728b)  -> (artifact id: '1100f88870a9c81e421b738d6821e70f') in 0.065215 seconds
Number of updated asset objects reloaded before import = 0
Number of asset objects unloaded after import = 306
========================================================================
Received Import Request.
  Time since last request: 33.846743 seconds.
  path: Assets/Scenes/AdultCopperDragonIdleSide.gif
  artifactKey: Guid(787b5fc79f97d0346a41ef7e67b4b885) Importer(815301076,1909f56bfc062723c751e8b465ee728b)
Start importing Assets/Scenes/AdultCopperDragonIdleSide.gif using Guid(787b5fc79f97d0346a41ef7e67b4b885) Importer(815301076,1909f56bfc062723c751e8b465ee728b)  -> (artifact id: 'df3d1fa32c4c27f3a18d283ef688db88') in 0.015998 seconds
Number of updated asset objects reloaded before import = 0
Number of asset objects unloaded after import = 2
========================================================================
Received Import Request.
  Time since last request: 61.821642 seconds.
  path: Assets/Scenes/TestDrag.prefab
  artifactKey: Guid(3bfbe0d053d896a41b145e9f586c359a) Importer(815301076,1909f56bfc062723c751e8b465ee728b)
Start importing Assets/Scenes/TestDrag.prefab using Guid(3bfbe0d053d896a41b145e9f586c359a) Importer(815301076,1909f56bfc062723c751e8b465ee728b)  -> (artifact id: 'f3cb261449522194f061c3faa866f09a') in 0.072584 seconds
Number of updated asset objects reloaded before import = 0
Number of asset objects unloaded after import = 306
========================================================================
Received Import Request.
  Time since last request: 72.096085 seconds.
  path: Assets/Scenes/TestDgafCTR.controller
  artifactKey: Guid(d1b46c74e14be664e8ce56d5e90517c2) Importer(815301076,1909f56bfc062723c751e8b465ee728b)
Start importing Assets/Scenes/TestDgafCTR.controller using Guid(d1b46c74e14be664e8ce56d5e90517c2) Importer(815301076,1909f56bfc062723c751e8b465ee728b)  -> (artifact id: '985ded7867d40137b1c1f8899fd8ae3a') in 0.001796 seconds
Number of updated asset objects reloaded before import = 0
Number of asset objects unloaded after import = 1
========================================================================
Received Import Request.
  Time since last request: 37.521034 seconds.
  path: Assets/FourEvilDragonsHP/Animations/DragonUsurper/attackFlame.fbx
  artifactKey: Guid(f3c4af16992f14c43a050675b9be2f68) Importer(815301076,1909f56bfc062723c751e8b465ee728b)
Start importing Assets/FourEvilDragonsHP/Animations/DragonUsurper/attackFlame.fbx using Guid(f3c4af16992f14c43a050675b9be2f68) Importer(815301076,1909f56bfc062723c751e8b465ee728b)  -> (artifact id: 'ccf89dfe56b8f6d00855b355ba823ce5') in 0.557382 seconds
Number of updated asset objects reloaded before import = 0
Number of asset objects unloaded after import = 249
========================================================================
Received Import Request.
  Time since last request: 0.000034 seconds.
  path: Assets/FourEvilDragonsHP/Animations/DragonUsurper/Land.fbx
  artifactKey: Guid(16d67d90d0f2e3f4995c3c82004acb92) Importer(815301076,1909f56bfc062723c751e8b465ee728b)
Start importing Assets/FourEvilDragonsHP/Animations/DragonUsurper/Land.fbx using Guid(16d67d90d0f2e3f4995c3c82004acb92) Importer(815301076,1909f56bfc062723c751e8b465ee728b)  -> (artifact id: '1a6e7e65598bfa6ae13f26d79efc79a7') in 0.050729 seconds
Number of updated asset objects reloaded before import = 0
Number of asset objects unloaded after import = 249
========================================================================
Received Import Request.
  Time since last request: 0.000059 seconds.
  path: Assets/FourEvilDragonsHP/Animations/DragonUsurper/Defend.fbx
  artifactKey: Guid(0cbecf51da098bb49a79d74e183a1695) Importer(815301076,1909f56bfc062723c751e8b465ee728b)
Start importing Assets/FourEvilDragonsHP/Animations/DragonUsurper/Defend.fbx using Guid(0cbecf51da098bb49a79d74e183a1695) Importer(815301076,1909f56bfc062723c751e8b465ee728b)  -> (artifact id: 'bf2dd08e189c39838e29337f05e41d7b') in 0.050701 seconds
Number of updated asset objects reloaded before import = 0
Number of asset objects unloaded after import = 249
========================================================================
Received Import Request.
  Time since last request: 0.000029 seconds.
  path: Assets/FourEvilDragonsHP/Animations/DragonUsurper/idle02.fbx
  artifactKey: Guid(df5d29c6a8c8f1c4caef2b4c1d0b073a) Importer(815301076,1909f56bfc062723c751e8b465ee728b)
Start importing Assets/FourEvilDragonsHP/Animations/DragonUsurper/idle02.fbx using Guid(df5d29c6a8c8f1c4caef2b4c1d0b073a) Importer(815301076,1909f56bfc062723c751e8b465ee728b)  -> (artifact id: '10ffe35d1ccedfb0e5874f2bb06c26e5') in 0.053782 seconds
Number of updated asset objects reloaded before import = 0
Number of asset objects unloaded after import = 249
========================================================================
Received Import Request.
  Time since last request: 0.000030 seconds.
  path: Assets/FourEvilDragonsHP/Animations/DragonUsurper/idle01.fbx
  artifactKey: Guid(f862cf09513abb14cbba0e94da9a410f) Importer(815301076,1909f56bfc062723c751e8b465ee728b)
Start importing Assets/FourEvilDragonsHP/Animations/DragonUsurper/idle01.fbx using Guid(f862cf09513abb14cbba0e94da9a410f) Importer(815301076,1909f56bfc062723c751e8b465ee728b)  -> (artifact id: '289f7a274e76a1e9e1482cba6d7d541c') in 0.056579 seconds
Number of updated asset objects reloaded before import = 0
Number of asset objects unloaded after import = 249
========================================================================
Received Import Request.
  Time since last request: 0.000040 seconds.
  path: Assets/FourEvilDragonsHP/Animations/DragonUsurper/attackMouth.fbx
  artifactKey: Guid(9ad2ad510a1fd694392849b8dce337e3) Importer(815301076,1909f56bfc062723c751e8b465ee728b)
Start importing Assets/FourEvilDragonsHP/Animations/DragonUsurper/attackMouth.fbx using Guid(9ad2ad510a1fd694392849b8dce337e3) Importer(815301076,1909f56bfc062723c751e8b465ee728b)  -> (artifact id: 'c7585e3c87b4f1a06f2783c30fc8655a') in 0.053884 seconds
Number of updated asset objects reloaded before import = 0
Number of asset objects unloaded after import = 249
========================================================================
Received Import Request.
  Time since last request: 0.000041 seconds.
  path: Assets/FourEvilDragonsHP/Animations/DragonUsurper/takeOff.fbx
  artifactKey: Guid(8d407c572ffcdd64a8093245d978392e) Importer(815301076,1909f56bfc062723c751e8b465ee728b)
Start importing Assets/FourEvilDragonsHP/Animations/DragonUsurper/takeOff.fbx using Guid(8d407c572ffcdd64a8093245d978392e) Importer(815301076,1909f56bfc062723c751e8b465ee728b)  -> (artifact id: '85e17bd59e387ac01af3dfbe2c385951') in 0.058954 seconds
Number of updated asset objects reloaded before import = 0
Number of asset objects unloaded after import = 249
========================================================================
Received Import Request.
  Time since last request: 0.000043 seconds.
  path: Assets/FourEvilDragonsHP/Animations/DragonUsurper/FlyGlide.fbx
  artifactKey: Guid(14d524dd6d57c094da8d73fee5077c6d) Importer(815301076,1909f56bfc062723c751e8b465ee728b)
Start importing Assets/FourEvilDragonsHP/Animations/DragonUsurper/FlyGlide.fbx using Guid(14d524dd6d57c094da8d73fee5077c6d) Importer(815301076,1909f56bfc062723c751e8b465ee728b)  -> (artifact id: 'ddff3c7bd7a6ce61c0520257ce8e7585') in 0.047565 seconds
Number of updated asset objects reloaded before import = 0
Number of asset objects unloaded after import = 249
========================================================================
Received Import Request.
  Time since last request: 0.000029 seconds.
  path: Assets/FourEvilDragonsHP/Animations/DragonUsurper/getHit.fbx
  artifactKey: Guid(1f674d87cae509644a306408e4fecfc1) Importer(815301076,1909f56bfc062723c751e8b465ee728b)
Start importing Assets/FourEvilDragonsHP/Animations/DragonUsurper/getHit.fbx using Guid(1f674d87cae509644a306408e4fecfc1) Importer(815301076,1909f56bfc062723c751e8b465ee728b)  -> (artifact id: '61927fd559e1185bd6ea4f2669ae6325') in 0.054783 seconds
Number of updated asset objects reloaded before import = 0
Number of asset objects unloaded after import = 249
========================================================================
Received Import Request.
  Time since last request: 59.142164 seconds.
  path: Assets/FourEvilDragonsHP/Animations/DragonTerrorBringer/Basic Attack.fbx
  artifactKey: Guid(601b9e9a8720f834fb218a15d9f3ae63) Importer(815301076,1909f56bfc062723c751e8b465ee728b)
Start importing Assets/FourEvilDragonsHP/Animations/DragonTerrorBringer/Basic Attack.fbx using Guid(601b9e9a8720f834fb218a15d9f3ae63) Importer(815301076,1909f56bfc062723c751e8b465ee728b)  -> (artifact id: 'bb0f3993952792cb31e7da1cbe5dbf22') in 0.054490 seconds
Number of updated asset objects reloaded before import = 0
Number of asset objects unloaded after import = 177
========================================================================
Received Import Request.
  Time since last request: 0.000037 seconds.
  path: Assets/FourEvilDragonsHP/Animations/DragonTerrorBringer/Run.fbx
  artifactKey: Guid(9700edab3a23d7d408e78a7cb99cf41d) Importer(815301076,1909f56bfc062723c751e8b465ee728b)
Start importing Assets/FourEvilDragonsHP/Animations/DragonTerrorBringer/Run.fbx using Guid(9700edab3a23d7d408e78a7cb99cf41d) Importer(815301076,1909f56bfc062723c751e8b465ee728b)  -> (artifact id: '89ba0b3f004ec9e6d5200ff86b85cdc3') in 0.300108 seconds
Number of updated asset objects reloaded before import = 0
Number of asset objects unloaded after import = 178
========================================================================
Received Import Request.
  Time since last request: 0.000048 seconds.
  path: Assets/FourEvilDragonsHP/Animations/DragonTerrorBringer/FlyIdle.fbx
  artifactKey: Guid(fe8f656bdccb4074683e623a09c9728e) Importer(815301076,1909f56bfc062723c751e8b465ee728b)
Start importing Assets/FourEvilDragonsHP/Animations/DragonTerrorBringer/FlyIdle.fbx using Guid(fe8f656bdccb4074683e623a09c9728e) Importer(815301076,1909f56bfc062723c751e8b465ee728b)  -> (artifact id: 'cabc89f3418aef3ad466a59b915df2dd') in 0.048622 seconds
Number of updated asset objects reloaded before import = 0
Number of asset objects unloaded after import = 177
Editor requested this worker to shutdown with reason: Scaling down because of idle timeout
TcpMessagingSession - receive error: operation aborted. errorcode: 995, details: ќпераци€ ввода/вывода была прервана из-за завершени€ потока команд или по запросу приложени€.
AssetImportWorker is now disconnected from the server
Process exiting
Exiting without the bug reporter. Application will terminate with return code 0